[0.276s] Invoking command in '/home/eeee784/vince_ros2_ws/src/build/robotiq_controllers': CMAKE_PREFIX_PATH=${CMAKE_PREFIX_PATH}:/home/eeee784/vince_ros2_ws/install/grasp_detection:/opt/ros/humble /usr/bin/cmake /home/eeee784/vince_ros2_ws/src/ros2_robotiq_gripper/robotiq_controllers -DCMAKE_INSTALL_PREFIX=/home/eeee784/vince_ros2_ws/src/install/robotiq_controllers
[0.336s] -- The C compiler identification is GNU 11.4.0
[0.402s] -- The CXX compiler identification is GNU 11.4.0
[0.409s] -- Detecting C compiler ABI info
[0.477s] -- Detecting C compiler ABI info - done
[0.484s] -- Check for working C compiler: /usr/bin/cc - skipped
[0.485s] -- Detecting C compile features
[0.485s] -- Detecting C compile features - done
[0.489s] -- Detecting CXX compiler ABI info
[0.583s] -- Detecting CXX compiler ABI info - done
[0.594s] -- Check for working CXX compiler: /usr/bin/c++ - skipped
[0.595s] -- Detecting CXX compile features
[0.595s] -- Detecting CXX compile features - done
[0.600s] -- Found ament_cmake: 1.3.12 (/opt/ros/humble/share/ament_cmake/cmake)
[0.776s] -- Found Python3: /usr/bin/python3 (found version "3.10.12") found components: Interpreter 
[0.904s] -- Found controller_interface: 2.49.0 (/opt/ros/humble/share/controller_interface/cmake)
[0.976s] -- Found rosidl_generator_c: 3.1.6 (/opt/ros/humble/share/rosidl_generator_c/cmake)
[0.986s] -- Found rosidl_adapter: 3.1.6 (/opt/ros/humble/share/rosidl_adapter/cmake)
[0.999s] -- Found rosidl_generator_cpp: 3.1.6 (/opt/ros/humble/share/rosidl_generator_cpp/cmake)
[1.019s] -- Using all available rosidl_typesupport_c: rosidl_typesupport_fastrtps_c;rosidl_typesupport_introspection_c
[1.045s] -- Using all available rosidl_typesupport_cpp: rosidl_typesupport_fastrtps_cpp;rosidl_typesupport_introspection_cpp
[1.352s] -- Found rmw_implementation_cmake: 6.1.2 (/opt/ros/humble/share/rmw_implementation_cmake/cmake)
[1.356s] -- Found rmw_fastrtps_cpp: 6.2.7 (/opt/ros/humble/share/rmw_fastrtps_cpp/cmake)
[1.383s] -- Found TinyXML2 via Config file: TinyXML2_DIR-NOTFOUND
[1.434s] -- Found OpenSSL: /usr/lib/x86_64-linux-gnu/libcrypto.so (found version "3.0.2")  
[1.436s] -- Found TinyXML2 via Config file: TinyXML2_DIR-NOTFOUND
[1.451s] -- Found FastRTPS: /opt/ros/humble/include  
[1.454s] -- Found TinyXML2 via Config file: TinyXML2_DIR-NOTFOUND
[1.461s] -- Found TinyXML2 via Config file: TinyXML2_DIR-NOTFOUND
[1.470s] -- Using RMW implementation 'rmw_fastrtps_cpp' as default
[1.480s] -- Looking for pthread.h
[1.544s] -- Looking for pthread.h - found
[1.544s] -- Performing Test CMAKE_HAVE_LIBC_PTHREAD
[1.604s] -- Performing Test CMAKE_HAVE_LIBC_PTHREAD - Success
[1.605s] -- Found Threads: TRUE  
[1.666s] -- Found std_srvs: 4.8.0 (/opt/ros/humble/share/std_srvs/cmake)
[1.683s] -- Found ament_lint_auto: 0.12.12 (/opt/ros/humble/share/ament_lint_auto/cmake)
[1.752s] -- Added test 'cppcheck' to perform static code analysis on C / C++ code
[1.752s] -- Configured cppcheck include dirs: /home/eeee784/vince_ros2_ws/src/ros2_robotiq_gripper/robotiq_controllers/include
[1.752s] -- Configured cppcheck exclude dirs and/or files: 
[1.752s] -- Added test 'lint_cmake' to check CMake code style
[1.755s] -- Configuring done
[1.778s] -- Generating done
[1.782s] -- Build files have been written to: /home/eeee784/vince_ros2_ws/src/build/robotiq_controllers
