[0.227s] DEBUG:colcon:Command line arguments: ['/usr/bin/colcon', 'build']
[0.228s] DEBUG:colcon:Parsed command line arguments: Namespace(log_base=None, log_level=None, verb_name='build', build_base='build', install_base='install', merge_install=False, symlink_install=False, test_result_base=None, continue_on_error=False, executor='parallel', parallel_workers=8, event_handlers=None, ignore_user_meta=False, metas=['./colcon.meta'], base_paths=['.'], packages_ignore=None, packages_ignore_regex=None, paths=None, packages_up_to=None, packages_up_to_regex=None, packages_above=None, packages_above_and_dependencies=None, packages_above_depth=None, packages_select_by_dep=None, packages_skip_by_dep=None, packages_skip_up_to=None, packages_select_build_failed=False, packages_skip_build_finished=False, packages_select_test_failures=False, packages_skip_test_passed=False, packages_select=None, packages_skip=None, packages_select_regex=None, packages_skip_regex=None, packages_start=None, packages_end=None, lookup_in_workspace=False, cargo_args=None, clean_build=False, cmake_args=None, cmake_target=None, cmake_target_skip_unavailable=False, cmake_clean_cache=False, cmake_clean_first=False, cmake_force_configure=False, ament_cmake_args=None, catkin_cmake_args=None, catkin_skip_building_tests=False, mixin_files=None, mixin=None, verb_parser=<colcon_mixin.mixin.mixin_argument.MixinArgumentDecorator object at 0x7f3b7a1b83d0>, verb_extension=<colcon_core.verb.build.BuildVerb object at 0x7f3b7a18bd90>, main=<bound method BuildVerb.main of <colcon_core.verb.build.BuildVerb object at 0x7f3b7a18bd90>>, mixin_verb=('build',))
[0.292s] Level 1:colcon.colcon_core.package_discovery:discover_packages(colcon_meta) check parameters
[0.292s] Level 1:colcon.colcon_core.package_discovery:discover_packages(recursive) check parameters
[0.292s] Level 1:colcon.colcon_core.package_discovery:discover_packages(ignore) check parameters
[0.292s] Level 1:colcon.colcon_core.package_discovery:discover_packages(path) check parameters
[0.292s] Level 1:colcon.colcon_core.package_discovery:discover_packages(colcon_meta) discover
[0.292s] Level 1:colcon.colcon_core.package_discovery:discover_packages(recursive) discover
[0.293s] INFO:colcon.colcon_core.package_discovery:Crawling recursively for packages in '/home/user/ros2_ws/src/ur5e_sim'
[0.293s] Level 1:colcon.colcon_core.package_identification:_identify(.) by extensions ['ignore', 'ignore_ament_install']
[0.293s] Level 1:colcon.colcon_core.package_identification:_identify(.) by extension 'ignore'
[0.293s] Level 1:colcon.colcon_core.package_identification:_identify(.) by extension 'ignore_ament_install'
[0.293s] Level 1:colcon.colcon_core.package_identification:_identify(.) by extensions ['colcon_pkg']
[0.293s] Level 1:colcon.colcon_core.package_identification:_identify(.) by extension 'colcon_pkg'
[0.293s] Level 1:colcon.colcon_core.package_identification:_identify(.) by extensions ['colcon_meta']
[0.293s] Level 1:colcon.colcon_core.package_identification:_identify(.) by extension 'colcon_meta'
[0.293s] Level 1:colcon.colcon_core.package_identification:_identify(.) by extensions ['ament_cargo']
[0.293s] Level 1:colcon.colcon_core.package_identification:_identify(.) by extension 'ament_cargo'
[0.293s] Level 1:colcon.colcon_core.package_identification:_identify(.) by extensions ['ros']
[0.293s] Level 1:colcon.colcon_core.package_identification:_identify(.) by extension 'ros'
[0.326s] DEBUG:colcon.colcon_core.package_identification:Package '.' with type 'ros.ament_cmake' and name 'ur5e_sim'
[0.326s] Level 1:colcon.colcon_core.package_discovery:discover_packages(recursive) using defaults
[0.326s] Level 1:colcon.colcon_core.package_discovery:discover_packages(ignore) discover
[0.326s] Level 1:colcon.colcon_core.package_discovery:discover_packages(ignore) using defaults
[0.326s] Level 1:colcon.colcon_core.package_discovery:discover_packages(path) discover
[0.326s] Level 1:colcon.colcon_core.package_discovery:discover_packages(path) using defaults
[0.361s] Level 5:colcon.colcon_core.verb:set package 'ur5e_sim' build argument 'lookup_in_workspace' from command line to 'False'
[0.361s] Level 5:colcon.colcon_core.verb:set package 'ur5e_sim' build argument 'cargo_args' from command line to 'None'
[0.361s] Level 5:colcon.colcon_core.verb:set package 'ur5e_sim' build argument 'clean_build' from command line to 'False'
[0.361s] Level 5:colcon.colcon_core.verb:set package 'ur5e_sim' build argument 'cmake_args' from command line to 'None'
[0.361s] Level 5:colcon.colcon_core.verb:set package 'ur5e_sim' build argument 'cmake_target' from command line to 'None'
[0.361s] Level 5:colcon.colcon_core.verb:set package 'ur5e_sim' build argument 'cmake_target_skip_unavailable' from command line to 'False'
[0.361s] Level 5:colcon.colcon_core.verb:set package 'ur5e_sim' build argument 'cmake_clean_cache' from command line to 'False'
[0.361s] Level 5:colcon.colcon_core.verb:set package 'ur5e_sim' build argument 'cmake_clean_first' from command line to 'False'
[0.361s] Level 5:colcon.colcon_core.verb:set package 'ur5e_sim' build argument 'cmake_force_configure' from command line to 'False'
[0.362s] Level 5:colcon.colcon_core.verb:set package 'ur5e_sim' build argument 'ament_cmake_args' from command line to 'None'
[0.362s] Level 5:colcon.colcon_core.verb:set package 'ur5e_sim' build argument 'catkin_cmake_args' from command line to 'None'
[0.362s] Level 5:colcon.colcon_core.verb:set package 'ur5e_sim' build argument 'catkin_skip_building_tests' from command line to 'False'
[0.362s] DEBUG:colcon.colcon_core.verb:Building package 'ur5e_sim' with the following arguments: {'ament_cmake_args': None, 'build_base': '/home/user/ros2_ws/src/ur5e_sim/build/ur5e_sim', 'cargo_args': None, 'catkin_cmake_args': None, 'catkin_skip_building_tests': False, 'clean_build': False, 'cmake_args': None, 'cmake_clean_cache': False, 'cmake_clean_first': False, 'cmake_force_configure': False, 'cmake_target': None, 'cmake_target_skip_unavailable': False, 'install_base': '/home/user/ros2_ws/src/ur5e_sim/install/ur5e_sim', 'lookup_in_workspace': False, 'merge_install': False, 'path': '/home/user/ros2_ws/src/ur5e_sim', 'symlink_install': False, 'test_result_base': None}
[0.362s] INFO:colcon.colcon_core.executor:Executing jobs using 'parallel' executor
[0.363s] DEBUG:colcon.colcon_parallel_executor.executor.parallel:run_until_complete
[0.364s] INFO:colcon.colcon_ros.task.ament_cmake.build:Building ROS package in '/home/user/ros2_ws/src/ur5e_sim' with build type 'ament_cmake'
[0.364s] INFO:colcon.colcon_cmake.task.cmake.build:Building CMake package in '/home/user/ros2_ws/src/ur5e_sim'
[0.367s] INFO:colcon.colcon_core.plugin_system:Skipping extension 'colcon_core.shell.bat': Not used on non-Windows systems
[0.367s] INFO:colcon.colcon_core.shell:Skip shell extension 'powershell' for command environment: Not usable outside of PowerShell
[0.367s] DEBUG:colcon.colcon_core.shell:Skip shell extension 'dsv' for command environment
[0.386s] DEBUG:colcon.colcon_core.event_handler.log_command:Invoking command in '/home/user/ros2_ws/src/ur5e_sim/build/ur5e_sim': CMAKE_PREFIX_PATH=${CMAKE_PREFIX_PATH}:/home/simulations/ros2_sims_ws/install/rclrs_tests:/home/simulations/ros2_sims_ws/install/examples_rclrs_minimal_client_service:/home/simulations/ros2_sims_ws/install/sensor_msgs_py:/home/simulations/ros2_sims_ws/install/examples_rclrs_minimal_pub_sub:/home/simulations/ros2_sims_ws/install/examples_rclrs_message_demo:/home/simulations/ros2_sims_ws/install/rclrs:/home/simulations/ros2_sims_ws/install/rosidl_runtime_rs:/opt/ros/humble _=/usr/bin/env /usr/bin/cmake /home/user/ros2_ws/src/ur5e_sim -DCMAKE_INSTALL_PREFIX=/home/user/ros2_ws/src/ur5e_sim/install/ur5e_sim
[3.424s] DEBUG:colcon.colcon_core.event_handler.log_command:Invoked command in '/home/user/ros2_ws/src/ur5e_sim/build/ur5e_sim' returned '0': CMAKE_PREFIX_PATH=${CMAKE_PREFIX_PATH}:/home/simulations/ros2_sims_ws/install/rclrs_tests:/home/simulations/ros2_sims_ws/install/examples_rclrs_minimal_client_service:/home/simulations/ros2_sims_ws/install/sensor_msgs_py:/home/simulations/ros2_sims_ws/install/examples_rclrs_minimal_pub_sub:/home/simulations/ros2_sims_ws/install/examples_rclrs_message_demo:/home/simulations/ros2_sims_ws/install/rclrs:/home/simulations/ros2_sims_ws/install/rosidl_runtime_rs:/opt/ros/humble _=/usr/bin/env /usr/bin/cmake /home/user/ros2_ws/src/ur5e_sim -DCMAKE_INSTALL_PREFIX=/home/user/ros2_ws/src/ur5e_sim/install/ur5e_sim
[3.426s] DEBUG:colcon.colcon_core.event_handler.log_command:Invoking command in '/home/user/ros2_ws/src/ur5e_sim/build/ur5e_sim': CMAKE_PREFIX_PATH=${CMAKE_PREFIX_PATH}:/home/simulations/ros2_sims_ws/install/rclrs_tests:/home/simulations/ros2_sims_ws/install/examples_rclrs_minimal_client_service:/home/simulations/ros2_sims_ws/install/sensor_msgs_py:/home/simulations/ros2_sims_ws/install/examples_rclrs_minimal_pub_sub:/home/simulations/ros2_sims_ws/install/examples_rclrs_message_demo:/home/simulations/ros2_sims_ws/install/rclrs:/home/simulations/ros2_sims_ws/install/rosidl_runtime_rs:/opt/ros/humble _=/usr/bin/env /usr/bin/cmake --build /home/user/ros2_ws/src/ur5e_sim/build/ur5e_sim -- -j8 -l8
[3.498s] DEBUG:colcon.colcon_core.event_handler.log_command:Invoked command in '/home/user/ros2_ws/src/ur5e_sim/build/ur5e_sim' returned '0': CMAKE_PREFIX_PATH=${CMAKE_PREFIX_PATH}:/home/simulations/ros2_sims_ws/install/rclrs_tests:/home/simulations/ros2_sims_ws/install/examples_rclrs_minimal_client_service:/home/simulations/ros2_sims_ws/install/sensor_msgs_py:/home/simulations/ros2_sims_ws/install/examples_rclrs_minimal_pub_sub:/home/simulations/ros2_sims_ws/install/examples_rclrs_message_demo:/home/simulations/ros2_sims_ws/install/rclrs:/home/simulations/ros2_sims_ws/install/rosidl_runtime_rs:/opt/ros/humble _=/usr/bin/env /usr/bin/cmake --build /home/user/ros2_ws/src/ur5e_sim/build/ur5e_sim -- -j8 -l8
[3.519s] DEBUG:colcon.colcon_core.event_handler.log_command:Invoking command in '/home/user/ros2_ws/src/ur5e_sim/build/ur5e_sim': CMAKE_PREFIX_PATH=${CMAKE_PREFIX_PATH}:/home/simulations/ros2_sims_ws/install/rclrs_tests:/home/simulations/ros2_sims_ws/install/examples_rclrs_minimal_client_service:/home/simulations/ros2_sims_ws/install/sensor_msgs_py:/home/simulations/ros2_sims_ws/install/examples_rclrs_minimal_pub_sub:/home/simulations/ros2_sims_ws/install/examples_rclrs_message_demo:/home/simulations/ros2_sims_ws/install/rclrs:/home/simulations/ros2_sims_ws/install/rosidl_runtime_rs:/opt/ros/humble _=/usr/bin/env /usr/bin/cmake --install /home/user/ros2_ws/src/ur5e_sim/build/ur5e_sim
[3.555s] Level 1:colcon.colcon_core.environment:create_environment_scripts_only(ur5e_sim)
[3.555s] DEBUG:colcon.colcon_core.event_handler.log_command:Invoked command in '/home/user/ros2_ws/src/ur5e_sim/build/ur5e_sim' returned '0': CMAKE_PREFIX_PATH=${CMAKE_PREFIX_PATH}:/home/simulations/ros2_sims_ws/install/rclrs_tests:/home/simulations/ros2_sims_ws/install/examples_rclrs_minimal_client_service:/home/simulations/ros2_sims_ws/install/sensor_msgs_py:/home/simulations/ros2_sims_ws/install/examples_rclrs_minimal_pub_sub:/home/simulations/ros2_sims_ws/install/examples_rclrs_message_demo:/home/simulations/ros2_sims_ws/install/rclrs:/home/simulations/ros2_sims_ws/install/rosidl_runtime_rs:/opt/ros/humble _=/usr/bin/env /usr/bin/cmake --install /home/user/ros2_ws/src/ur5e_sim/build/ur5e_sim
[3.559s] Level 1:colcon.colcon_core.environment:checking '/home/user/ros2_ws/src/ur5e_sim/install/ur5e_sim' for CMake module files
[3.560s] Level 1:colcon.colcon_core.environment:checking '/home/user/ros2_ws/src/ur5e_sim/install/ur5e_sim' for CMake config files
[3.560s] Level 1:colcon.colcon_core.shell:create_environment_hook('ur5e_sim', 'cmake_prefix_path')
[3.560s] INFO:colcon.colcon_core.shell:Creating environment hook '/home/user/ros2_ws/src/ur5e_sim/install/ur5e_sim/share/ur5e_sim/hook/cmake_prefix_path.ps1'
[3.561s] INFO:colcon.colcon_core.shell:Creating environment descriptor '/home/user/ros2_ws/src/ur5e_sim/install/ur5e_sim/share/ur5e_sim/hook/cmake_prefix_path.dsv'
[3.562s] INFO:colcon.colcon_core.shell:Creating environment hook '/home/user/ros2_ws/src/ur5e_sim/install/ur5e_sim/share/ur5e_sim/hook/cmake_prefix_path.sh'
[3.562s] Level 1:colcon.colcon_core.environment:checking '/home/user/ros2_ws/src/ur5e_sim/install/ur5e_sim/bin'
[3.563s] Level 1:colcon.colcon_core.environment:checking '/home/user/ros2_ws/src/ur5e_sim/install/ur5e_sim/lib/pkgconfig/ur5e_sim.pc'
[3.564s] Level 1:colcon.colcon_core.environment:checking '/home/user/ros2_ws/src/ur5e_sim/install/ur5e_sim/lib/python3.10/site-packages'
[3.564s] Level 1:colcon.colcon_core.environment:checking '/home/user/ros2_ws/src/ur5e_sim/install/ur5e_sim/bin'
[3.565s] INFO:colcon.colcon_core.shell:Creating package script '/home/user/ros2_ws/src/ur5e_sim/install/ur5e_sim/share/ur5e_sim/package.ps1'
[3.565s] INFO:colcon.colcon_core.shell:Creating package descriptor '/home/user/ros2_ws/src/ur5e_sim/install/ur5e_sim/share/ur5e_sim/package.dsv'
[3.566s] INFO:colcon.colcon_core.shell:Creating package script '/home/user/ros2_ws/src/ur5e_sim/install/ur5e_sim/share/ur5e_sim/package.sh'
[3.567s] INFO:colcon.colcon_core.shell:Creating package script '/home/user/ros2_ws/src/ur5e_sim/install/ur5e_sim/share/ur5e_sim/package.bash'
[3.568s] INFO:colcon.colcon_core.shell:Creating package script '/home/user/ros2_ws/src/ur5e_sim/install/ur5e_sim/share/ur5e_sim/package.zsh'
[3.568s] Level 1:colcon.colcon_core.environment:create_file_with_runtime_dependencies(/home/user/ros2_ws/src/ur5e_sim/install/ur5e_sim/share/colcon-core/packages/ur5e_sim)
[3.570s] Level 1:colcon.colcon_core.environment:create_environment_scripts_only(ur5e_sim)
[3.570s] Level 1:colcon.colcon_core.environment:checking '/home/user/ros2_ws/src/ur5e_sim/install/ur5e_sim' for CMake module files
[3.571s] Level 1:colcon.colcon_core.environment:checking '/home/user/ros2_ws/src/ur5e_sim/install/ur5e_sim' for CMake config files
[3.571s] Level 1:colcon.colcon_core.shell:create_environment_hook('ur5e_sim', 'cmake_prefix_path')
[3.571s] INFO:colcon.colcon_core.shell:Creating environment hook '/home/user/ros2_ws/src/ur5e_sim/install/ur5e_sim/share/ur5e_sim/hook/cmake_prefix_path.ps1'
[3.572s] INFO:colcon.colcon_core.shell:Creating environment descriptor '/home/user/ros2_ws/src/ur5e_sim/install/ur5e_sim/share/ur5e_sim/hook/cmake_prefix_path.dsv'
[3.572s] INFO:colcon.colcon_core.shell:Creating environment hook '/home/user/ros2_ws/src/ur5e_sim/install/ur5e_sim/share/ur5e_sim/hook/cmake_prefix_path.sh'
[3.573s] Level 1:colcon.colcon_core.environment:checking '/home/user/ros2_ws/src/ur5e_sim/install/ur5e_sim/bin'
[3.573s] Level 1:colcon.colcon_core.environment:checking '/home/user/ros2_ws/src/ur5e_sim/install/ur5e_sim/lib/pkgconfig/ur5e_sim.pc'
[3.573s] Level 1:colcon.colcon_core.environment:checking '/home/user/ros2_ws/src/ur5e_sim/install/ur5e_sim/lib/python3.10/site-packages'
[3.574s] Level 1:colcon.colcon_core.environment:checking '/home/user/ros2_ws/src/ur5e_sim/install/ur5e_sim/bin'
[3.574s] INFO:colcon.colcon_core.shell:Creating package script '/home/user/ros2_ws/src/ur5e_sim/install/ur5e_sim/share/ur5e_sim/package.ps1'
[3.574s] INFO:colcon.colcon_core.shell:Creating package descriptor '/home/user/ros2_ws/src/ur5e_sim/install/ur5e_sim/share/ur5e_sim/package.dsv'
[3.575s] INFO:colcon.colcon_core.shell:Creating package script '/home/user/ros2_ws/src/ur5e_sim/install/ur5e_sim/share/ur5e_sim/package.sh'
[3.575s] INFO:colcon.colcon_core.shell:Creating package script '/home/user/ros2_ws/src/ur5e_sim/install/ur5e_sim/share/ur5e_sim/package.bash'
[3.576s] INFO:colcon.colcon_core.shell:Creating package script '/home/user/ros2_ws/src/ur5e_sim/install/ur5e_sim/share/ur5e_sim/package.zsh'
[3.576s] Level 1:colcon.colcon_core.environment:create_file_with_runtime_dependencies(/home/user/ros2_ws/src/ur5e_sim/install/ur5e_sim/share/colcon-core/packages/ur5e_sim)
[3.577s] DEBUG:colcon.colcon_parallel_executor.executor.parallel:closing loop
[3.577s] DEBUG:colcon.colcon_parallel_executor.executor.parallel:loop closed
[3.577s] DEBUG:colcon.colcon_parallel_executor.executor.parallel:run_until_complete finished with '0'
[3.578s] DEBUG:colcon.colcon_core.event_reactor:joining thread
[3.599s] INFO:colcon.colcon_core.plugin_system:Skipping extension 'colcon_notification.desktop_notification.notify_send': Could not find 'notify-send'
[3.599s] INFO:colcon.colcon_core.plugin_system:Skipping extension 'colcon_notification.desktop_notification.terminal_notifier': Not used on non-Darwin systems
[3.599s] INFO:colcon.colcon_core.plugin_system:Skipping extension 'colcon_notification.desktop_notification.win32': Not used on non-Windows systems
[3.599s] INFO:colcon.colcon_notification.desktop_notification:Sending desktop notification using 'notify2'
[3.601s] DEBUG:colcon.colcon_notification.desktop_notification.notify2:Failed to initialize notify2: org.freedesktop.DBus.Error.Spawn.ExecFailed: /usr/bin/dbus-launch terminated abnormally without any error message
[3.602s] DEBUG:colcon.colcon_core.event_reactor:joined thread
[3.603s] INFO:colcon.colcon_core.shell:Creating prefix script '/home/user/ros2_ws/src/ur5e_sim/install/local_setup.ps1'
[3.607s] INFO:colcon.colcon_core.shell:Creating prefix util module '/home/user/ros2_ws/src/ur5e_sim/install/_local_setup_util_ps1.py'
[3.609s] INFO:colcon.colcon_core.shell:Creating prefix chain script '/home/user/ros2_ws/src/ur5e_sim/install/setup.ps1'
[3.614s] INFO:colcon.colcon_core.shell:Creating prefix script '/home/user/ros2_ws/src/ur5e_sim/install/local_setup.sh'
[3.615s] INFO:colcon.colcon_core.shell:Creating prefix util module '/home/user/ros2_ws/src/ur5e_sim/install/_local_setup_util_sh.py'
[3.616s] INFO:colcon.colcon_core.shell:Creating prefix chain script '/home/user/ros2_ws/src/ur5e_sim/install/setup.sh'
[3.621s] INFO:colcon.colcon_core.shell:Creating prefix script '/home/user/ros2_ws/src/ur5e_sim/install/local_setup.bash'
[3.622s] INFO:colcon.colcon_core.shell:Creating prefix chain script '/home/user/ros2_ws/src/ur5e_sim/install/setup.bash'
[3.626s] INFO:colcon.colcon_core.shell:Creating prefix script '/home/user/ros2_ws/src/ur5e_sim/install/local_setup.zsh'
[3.627s] INFO:colcon.colcon_core.shell:Creating prefix chain script '/home/user/ros2_ws/src/ur5e_sim/install/setup.zsh'
