[0.277s] Invoking command in '/home/eeee784/vince_ros2_ws/src/build/grasping_objects': CMAKE_PREFIX_PATH=${CMAKE_PREFIX_PATH}:/home/eeee784/vince_ros2_ws/install/grasp_detection:/opt/ros/humble /usr/bin/cmake /home/eeee784/vince_ros2_ws/src/grasping_objects -DCMAKE_INSTALL_PREFIX=/home/eeee784/vince_ros2_ws/src/install/grasping_objects
[0.334s] -- The C compiler identification is GNU 11.4.0
[0.401s] -- The CXX compiler identification is GNU 11.4.0
[0.408s] -- Detecting C compiler ABI info
[0.478s] -- Detecting C compiler ABI info - done
[0.485s] -- Check for working C compiler: /usr/bin/cc - skipped
[0.485s] -- Detecting C compile features
[0.486s] -- Detecting C compile features - done
[0.488s] -- Detecting CXX compiler ABI info
[0.560s] -- Detecting CXX compiler ABI info - done
[0.571s] -- Check for working CXX compiler: /usr/bin/c++ - skipped
[0.571s] -- Detecting CXX compile features
[0.572s] -- Detecting CXX compile features - done
[0.576s] -- Found ament_cmake: 1.3.12 (/opt/ros/humble/share/ament_cmake/cmake)
[0.757s] -- Found Python3: /usr/bin/python3 (found version "3.10.12") found components: Interpreter 
[0.893s] -- Found rclpy: 3.3.16 (/opt/ros/humble/share/rclpy/cmake)
[0.896s] -- Found xacro: 2.0.13 (/opt/ros/humble/share/xacro/cmake)
[0.900s] -- Found gazebo_ros: 3.9.0 (/opt/ros/humble/share/gazebo_ros/cmake)
[0.976s] -- Found rosidl_generator_c: 3.1.6 (/opt/ros/humble/share/rosidl_generator_c/cmake)
[0.986s] -- Found rosidl_adapter: 3.1.6 (/opt/ros/humble/share/rosidl_adapter/cmake)
[0.999s] -- Found rosidl_generator_cpp: 3.1.6 (/opt/ros/humble/share/rosidl_generator_cpp/cmake)
[1.020s] -- Using all available rosidl_typesupport_c: rosidl_typesupport_fastrtps_c;rosidl_typesupport_introspection_c
[1.045s] -- Using all available rosidl_typesupport_cpp: rosidl_typesupport_fastrtps_cpp;rosidl_typesupport_introspection_cpp
[1.117s] -- Found rmw_implementation_cmake: 6.1.2 (/opt/ros/humble/share/rmw_implementation_cmake/cmake)
[1.123s] -- Found rmw_fastrtps_cpp: 6.2.7 (/opt/ros/humble/share/rmw_fastrtps_cpp/cmake)
[1.236s] -- Found OpenSSL: /usr/lib/x86_64-linux-gnu/libcrypto.so (found version "3.0.2")  
[1.269s] -- Found FastRTPS: /opt/ros/humble/include  
[1.326s] -- Using RMW implementation 'rmw_fastrtps_cpp' as default
[1.342s] -- Looking for pthread.h
[1.405s] -- Looking for pthread.h - found
[1.405s] -- Performing Test CMAKE_HAVE_LIBC_PTHREAD
[1.470s] -- Performing Test CMAKE_HAVE_LIBC_PTHREAD - Success
[1.471s] -- Found Threads: TRUE  
[1.531s] -- Found PkgConfig: /usr/bin/pkg-config (found version "0.29.2") 
[1.532s] -- Checking for module 'bullet>=2.82'
[1.546s] --   Found bullet, version 3.05
[1.647s] -- Found fcl: /usr/include (found suitable version "0.7.0", minimum required is "0.5.0") 
[1.688s] -- Found assimp: /usr/include (found version "5.2.0") 
[1.713s] -- Found DART: /usr/include (Required is at least version "6.6") found components: dart 
[1.743s] -- Found Boost: /usr/lib/x86_64-linux-gnu/cmake/Boost-1.74.0/BoostConfig.cmake (found suitable version "1.74.0", minimum required is "1.40.0") found components: thread system filesystem program_options regex iostreams date_time 
[1.758s] -- Found Protobuf: /usr/lib/x86_64-linux-gnu/libprotobuf.so (found version "3.12.4") 
[1.764s] -- Looking for ignition-math6 -- found version 6.15.1
[1.771s] -- Searching for dependencies of ignition-math6
[1.773s] -- Looking for OGRE...
[1.773s] -- OGRE_PREFIX_WATCH changed.
[1.778s] -- Checking for module 'OGRE'
[1.788s] --   Found OGRE, version 1.9.0
[1.814s] -- Found Ogre Ghadamon (1.9.0)
[1.821s] -- Found OGRE: optimized;/usr/lib/x86_64-linux-gnu/libOgreMain.so;debug;/usr/lib/x86_64-linux-gnu/libOgreMain.so
[1.828s] -- Looking for OGRE_Paging...
[1.833s] -- Found OGRE_Paging: optimized;/usr/lib/x86_64-linux-gnu/libOgrePaging.so;debug;/usr/lib/x86_64-linux-gnu/libOgrePaging.so
[1.833s] -- Looking for OGRE_Terrain...
[1.837s] -- Found OGRE_Terrain: optimized;/usr/lib/x86_64-linux-gnu/libOgreTerrain.so;debug;/usr/lib/x86_64-linux-gnu/libOgreTerrain.so
[1.837s] -- Looking for OGRE_Property...
[1.841s] -- Found OGRE_Property: optimized;/usr/lib/x86_64-linux-gnu/libOgreProperty.so;debug;/usr/lib/x86_64-linux-gnu/libOgreProperty.so
[1.841s] -- Looking for OGRE_RTShaderSystem...
[1.846s] -- Found OGRE_RTShaderSystem: optimized;/usr/lib/x86_64-linux-gnu/libOgreRTShaderSystem.so;debug;/usr/lib/x86_64-linux-gnu/libOgreRTShaderSystem.so
[1.846s] -- Looking for OGRE_Volume...
[1.850s] -- Found OGRE_Volume: optimized;/usr/lib/x86_64-linux-gnu/libOgreVolume.so;debug;/usr/lib/x86_64-linux-gnu/libOgreVolume.so
[1.850s] -- Looking for OGRE_Overlay...
[1.854s] -- Found OGRE_Overlay: optimized;/usr/lib/x86_64-linux-gnu/libOgreOverlay.so;debug;/usr/lib/x86_64-linux-gnu/libOgreOverlay.so
[1.943s] -- Looking for ignition-math6 -- found version 6.15.1
[1.945s] -- Looking for ignition-transport8 -- found version 8.2.1
[1.946s] -- Searching for dependencies of ignition-transport8
[1.959s] -- Found Protobuf: /usr/lib/x86_64-linux-gnu/libprotobuf.so (found suitable version "3.12.4", minimum required is "3") 
[1.968s] -- Config-file not installed for ZeroMQ -- checking for pkg-config
[1.972s] -- Checking for module 'libzmq >= 4'
[1.983s] --   Found libzmq , version 4.3.4
[2.012s] -- Found ZeroMQ: TRUE (Required is at least version "4") 
[2.018s] -- Checking for module 'uuid'
[2.028s] --   Found uuid, version 2.37.2
[2.064s] -- Found UUID: TRUE  
[2.068s] -- Looking for ignition-msgs5 -- found version 5.8.1
[2.069s] -- Searching for dependencies of ignition-msgs5
[2.084s] -- Looking for ignition-math6 -- found version 6.15.1
[2.088s] -- Checking for module 'tinyxml2'
[2.098s] --   Found tinyxml2, version 9.0.0
[2.127s] -- Looking for ignition-msgs5 -- found version 5.8.1
[2.130s] -- Looking for ignition-common3 -- found version 3.14.0
[2.131s] -- Searching for dependencies of ignition-common3
[2.131s] -- Looking for dlfcn.h - found
[2.132s] -- Looking for libdl - found
[2.133s] -- Found DL: TRUE  
[2.142s] -- Found tinyobjloader: /usr/lib/x86_64-linux-gnu/cmake/tinyobjloader/tinyobjloader-config.cmake (found version "2.0.0") 
[2.143s] -- Searching for <ignition-common3> component [graphics]
[2.145s] -- Looking for ignition-common3-graphics -- found version 3.14.0
[2.146s] -- Searching for dependencies of ignition-common3-graphics
[2.146s] -- Looking for ignition-math6 -- found version 6.15.1
[2.149s] -- Looking for ignition-fuel_tools4 -- found version 4.4.0
[2.149s] -- Searching for dependencies of ignition-fuel_tools4
[2.216s] -- Found CURL: /usr/lib/x86_64-linux-gnu/libcurl.so (found version "7.81.0")  
[2.224s] -- Checking for module 'jsoncpp'
[2.234s] --   Found jsoncpp, version 1.9.5
[2.264s] -- Found JSONCPP: TRUE  
[2.270s] -- Checking for module 'libzip'
[2.281s] --   Found libzip, version 1.7.3
[2.322s] -- Found ZIP: TRUE  
[2.322s] -- Looking for ignition-common3 -- found version 3.14.0
[2.323s] -- Looking for ignition-math6 -- found version 6.15.1
[2.323s] -- Looking for ignition-msgs5 -- found version 5.8.1
[2.329s] -- Gazebo version: 11.10
[2.329s] -- Checking for module 'tbb'
[2.341s] --   Found tbb, version 2021.5.0
[2.418s] -- Configuring done
[2.422s] -- Generating done
[2.424s] -- Build files have been written to: /home/eeee784/vince_ros2_ws/src/build/grasping_objects
